   256
1_0
     1      1.76594131      1.73789520
     2      1.73164507      1.70584990
     3      2.08616123      2.04360022
     4      2.02935614      1.98925357
     5      1.84531977      1.81805316
     6      2.09748340      2.05535233
     7      2.05282713      2.01578265
     8      2.03214121      2.00226355
     9      2.10755323      2.07678685
    10      1.81555677      1.77843785
    11      1.82358956      1.78883662
    12      2.05778305      2.01425463
    13      1.86461829      1.82869395
    14      2.06125888      2.02711210
    15      1.86259660      1.83746961
    16      2.04226760      2.00984199
    17      2.14654318      2.10458628
    18      2.08640411      2.04402970
    19      1.85095059      1.81443014
    20      1.77088169      1.74565469
    21      1.81408601      1.78586140
    22      2.08413010      2.03889219
    23      1.66748627      1.64524534
    24      2.10009856      2.06831850
    25      2.07628211      2.03229149
    26      2.08364374      2.03954285
    27      2.08885247      2.06153124
    28      2.07463782      2.04173437
    29      1.91947645      1.89633542
    30      2.06323047      2.02067042
    31      1.83523848      1.80056455
    32      2.12806460      2.09084477
    33      1.81686978      1.79464541
    34      1.76470176      1.73149853
    35      2.12020518      2.07487977
    36      1.74250059      1.71234296
    37      1.75890943      1.73960690
    38      2.06041609      2.01965172
    39      2.06130552      2.02458946
    40      2.21242167      2.16146135
    41      1.77556738      1.74757916
    42      1.74257235      1.71232572
    43      1.73635129      1.71648983
    44      2.21981476      2.17060650
    45      1.73898885      1.70949975
    46      2.08411509      2.05515645
    47      2.10583981      2.06148321
    48      2.08657023      2.04622354
    49      2.12775064      2.09235773
    50      1.68981769      1.66950967
    51      1.71287466      1.68211035
    52      1.70786481      1.68965495
    53      1.77659735      1.75134630
    54      1.85789392      1.83175982
    55      1.71077229      1.68094957
    56      1.75654685      1.72466921
    57      2.01779688      1.99050569
    58      2.00181192      1.97460517
    59      2.14488611      2.10571960
    60      1.79946848      1.76419561
    61      1.79953669      1.77179692
    62      2.14264166      2.09761757
    63      1.86538614      1.82565181
    64      2.09619632      2.06278536
    65      2.05868260      2.02799930
    66      1.84955839      1.81714838
    67      1.69219984      1.67441742
    68      2.01212705      1.97161203
    69      1.95847492      1.92231577
    70      1.78659103      1.76670087
    71      2.16044147      2.11467859
    72      2.02192453      1.98311037
    73      2.07791016      2.04699434
    74      1.80434048      1.77195119
    75      2.13584997      2.09141822
    76      1.71138658      1.68421161
    77      1.72172432      1.69882281
    78      1.73986776      1.71904048
    79      1.86905434      1.83986331
    80      1.73849714      1.71704608
    81      1.86061705      1.82285539
    82      1.74989875      1.71988212
    83      1.74041450      1.71077813
    84      1.77697082      1.74694179
    85      1.72180975      1.70207183
    86      2.20118048      2.17125172
    87      2.01128074      1.97890445
    88      1.70010511      1.67853712
    89      1.83426424      1.79668279
    90      1.81799829      1.78383234
    91      2.01426906      1.98341081
    92      1.79542057      1.76201023
    93      1.75039533      1.72793644
    94      2.05869940      2.02613471
    95      2.14362034      2.10144197
    96      1.79095796      1.76261808
    97      1.76471811      1.73686362
    98      2.05991001      2.02328200
    99      1.78803290      1.76649875
   100      1.77490069      1.75660036
   101      2.08116535      2.05089956
   102      2.10131718      2.06716808
   103      1.73664888      1.71410357
   104      1.73063437      1.70088199
   105      2.07398924      2.02936626
   106      1.80176785      1.76784594
   107      2.05945831      2.03216954
   108      2.05124867      2.02257648
   109      1.79424075      1.76676206
   110      2.19826069      2.14842326
   111      2.04358253      2.01558559
   112      2.07729339      2.03913042
   113      1.75934202      1.73678765
   114      2.02540857      1.99217723
   115      1.75335934      1.73496605
   116      1.72814517      1.70300715
   117      1.77627247      1.75423212
   118      2.06528565      2.02276782
   119      1.76561219      1.74362548
   120      2.14109555      2.10596629
   121      2.10151849      2.07193739
   122      1.73278571      1.70185949
   123      1.74020145      1.71364150
   124      1.78829884      1.75694579
   125      2.16957906      2.12244984
   126      1.70234317      1.67802610
   127      2.10278939      2.05916683
   128      1.63802966      1.61457238
   129      2.07637551      2.03482404
   130      2.10533094      2.06273361
   131      2.04365884      2.01625676
   132      1.96505601      1.93035947
   133      1.83897872      1.80771076
   134      1.66075654      1.64107899
   135      1.79574039      1.76353722
   136      1.72153796      1.69298315
   137      1.82849833      1.79692880
   138      2.02008680      1.98512195
   139      1.86366806      1.82419248
   140      2.14488422      2.10160994
   141      2.05325978      2.02154116
   142      2.10975977      2.06484138
   143      2.07624353      2.04586395
   144      2.09796936      2.06433341
   145      2.07969654      2.03804750
   146      2.03447545      2.00795548
   147      1.80585421      1.77244697
   148      2.14433959      2.09897962
   149      1.69082311      1.66266577
   150      2.04086642      1.99962353
   151      1.75936946      1.73002125
   152      1.88806311      1.86343279
   153      1.79659319      1.76579936
   154      2.13336082      2.09297282
   155      2.12709399      2.08270545
   156      2.12071066      2.07700365
   157      1.87514803      1.83747402
   158      2.13358048      2.08872658
   159      2.05239699      2.01185690
   160      1.82292446      1.79089462
   161      2.10618313      2.06954390
   162      1.93651986      1.91153880
   163      1.99438568      1.95855200
   164      2.08949378      2.04484065
   165      1.87145085      1.84741625
   166      1.76665702      1.74580493
   167      1.79523836      1.76872601
   168      1.72266369      1.69458504
   169      2.08516663      2.04677336
   170      1.71021470      1.68334894
   171      1.83504278      1.80008372
   172      2.03263361      2.00477923
   173      1.71155897      1.69034113
   174      2.06293704      2.03169374
   175      2.01731464      1.98257418
   176      2.07225536      2.02872374
   177      2.06913378      2.03012501
   178      2.08376636      2.05274352
   179      1.75498857      1.72138561
   180      2.19518491      2.14275665
   181      2.03607866      2.00468803
   182      2.07075456      2.03786473
   183      2.17836858      2.13190488
   184      1.80355712      1.76753973
   185      1.68487776      1.66674750
   186      1.79130720      1.77109968
   187      2.09361209      2.05223302
   188      1.85111659      1.81387245
   189      2.06283780      2.03062223
   190      2.06920809      2.03936694
   191      2.04829546      2.00971542
   192      1.73460025      1.71276404
   193      2.12217888      2.09051427
   194      2.18516926      2.14328878
   195      1.73509563      1.70838910
   196      2.03065091      1.99399653
   197      1.86339741      1.82700777
   198      2.07764643      2.03806674
   199      1.58425539      1.55852505
   200      1.86112072      1.83759268
   201      2.15626801      2.11660394
   202      2.07020172      2.03758379
   203      2.09226450      2.05009727
   204      1.79270527      1.76105541
   205      1.84786847      1.81106087
   206      2.04988729      2.02293898
   207      2.06684857      2.03473405
   208      2.09944767      2.05702546
   209      2.09033084      2.05618750
   210      2.18400089      2.14065703
   211      1.73486630      1.70426279
   212      1.72747751      1.70049563
   213      1.64937917      1.62035077
   214      1.74888342      1.72509740
   215      1.85631375      1.82869953
   216      2.05063100      2.00860355
   217      2.16759837      2.11788449
   218      2.16427553      2.12088945
   219      2.16681020      2.13776590
   220      2.06992192      2.03692323
   221      1.81604130      1.78360679
   222      1.76129892      1.72752768
   223      2.15651151      2.11243558
   224      1.66711166      1.64546543
   225      2.09866669      2.06089080
   226      2.03753853      2.00648204
   227      2.02767741      1.99592588
   228      1.71125600      1.68184181
   229      2.06856750      2.03990013
   230      1.76165336      1.73844472
   231      1.84218150      1.80748535
   232      1.77652813      1.74307881
   233      2.06468687      2.02460946
   234      1.70082554      1.66911151
   235      2.04991274      2.01989532
   236      2.08226727      2.05535545
   237      2.10966852      2.06469163
   238      1.73132748      1.70372081
   239      1.71510011      1.68546656
   240      1.71548576      1.68500285
   241      2.05370717      2.01259706
   242      1.74268418      1.72156055
   243      1.78017878      1.74597586
   244      1.88158164      1.84619799
   245      1.84702943      1.81748644
   246      2.13991551      2.09825720
   247      2.11572229      2.07167223
   248      1.65947135      1.62980414
   249      1.75123719      1.71752313
   250      1.83335519      1.79811350
   251      2.06291203      2.03490553
   252      1.75351135      1.73462997
   253      2.04522263      2.01441797
   254      1.85650511      1.82706788
   255      2.04809037      2.00634070
   256      1.69721115      1.66779223
 Total   494.3875090516  485.9770578019
